[01m[K/home/eternal/ros2_ws/src/bag_reading_cpp/src/simple_bag_reader_test.cpp:[m[K In member function â€˜[01m[Kvoid PlaybackNode::process_imu_data()[m[Kâ€™:
[01m[K/home/eternal/ros2_ws/src/bag_reading_cpp/src/simple_bag_reader_test.cpp:84:26:[m[K [01;31m[Kerror: [m[Kâ€˜[01m[Kimu_msg[m[Kâ€™ was not declared in this scope
   84 |                       << [01;31m[Kimu_msg[m[K->linear_acceleration.x << ","
      |                          [01;31m[K^~~~~~~[m[K
gmake[2]: *** [CMakeFiles/simple_bag_reader_test.dir/build.make:76: CMakeFiles/simple_bag_reader_test.dir/src/simple_bag_reader_test.cpp.o] Error 1
gmake[1]: *** [CMakeFiles/Makefile2:165: CMakeFiles/simple_bag_reader_test.dir/all] Error 2
gmake: *** [Makefile:146: all] Error 2
