[0.000000] (-) TimerEvent: {}
[0.000854] (-) JobUnselected: {'identifier': 'action_tutorials_cpp'}
[0.000909] (-) JobUnselected: {'identifier': 'cpp_parameter_event_handler'}
[0.001008] (-) JobUnselected: {'identifier': 'cpp_parameters'}
[0.001036] (-) JobUnselected: {'identifier': 'cpp_pubsub'}
[0.001061] (-) JobUnselected: {'identifier': 'cpp_srvcli'}
[0.001122] (-) JobUnselected: {'identifier': 'polygon_base'}
[0.001164] (-) JobUnselected: {'identifier': 'polygon_plugins'}
[0.001183] (bag_reading_cpp) JobQueued: {'identifier': 'bag_reading_cpp', 'dependencies': OrderedDict()}
[0.001200] (bag_reading_cpp) JobStarted: {'identifier': 'bag_reading_cpp'}
[0.010498] (bag_reading_cpp) JobProgress: {'identifier': 'bag_reading_cpp', 'progress': 'cmake'}
[0.010858] (bag_reading_cpp) JobProgress: {'identifier': 'bag_reading_cpp', 'progress': 'build'}
[0.011694] (bag_reading_cpp) Command: {'cmd': ['/usr/bin/cmake', '--build', '/home/eternal/ros2_ws/build/bag_reading_cpp', '--', '-j16', '-l16'], 'cwd': '/home/eternal/ros2_ws/build/bag_reading_cpp', 'env': OrderedDict([('GJS_DEBUG_TOPICS', 'JS ERROR;JS LOG'), ('LESSOPEN', '| /usr/bin/lesspipe %s'), ('USER', 'eternal'), ('LC_TIME', 'nl_NL.UTF-8'), ('XDG_SESSION_TYPE', 'x11'), ('SHLVL', '1'), ('LD_LIBRARY_PATH', '/home/eternal/ros2_ws/install/tutorial_interfaces/lib:/home/eternal/ros2_ws/install/turtlesim/lib:/home/eternal/ros2_ws/install/polygon_plugins/lib:/home/eternal/ros2_ws/install/more_interfaces/lib:/home/eternal/ros2_ws/install/action_tutorials_cpp/lib:/home/eternal/ros2_ws/install/action_tutorials_interfaces/lib:/opt/ros/humble/opt/rviz_ogre_vendor/lib:/opt/ros/humble/lib/x86_64-linux-gnu:/opt/ros/humble/lib'), ('HOME', '/home/eternal'), ('OLDPWD', '/home/eternal/imu_filter'), ('DESKTOP_SESSION', 'ubuntu'), ('GIO_LAUNCHED_DESKTOP_FILE', '/usr/share/applications/terminator.desktop'), ('ROS_PYTHON_VERSION', '3'), ('GNOME_SHELL_SESSION_MODE', 'ubuntu'), ('GTK_MODULES', 'gail:atk-bridge'), ('LC_MONETARY', 'nl_NL.UTF-8'), ('MANAGERPID', '2075'), ('SYSTEMD_EXEC_PID', '2537'), ('DBUS_SESSION_BUS_ADDRESS', 'unix:path=/run/user/1000/bus'), ('COLORTERM', 'truecolor'), ('TERMINATOR_DBUS_NAME', 'net.tenshu.Terminator23558193cd9818af7fe4d2c2f5bd9d00f'), ('GIO_LAUNCHED_DESKTOP_FILE_PID', '5433'), ('COLCON_PREFIX_PATH', '/home/eternal/ros2_ws/install'), ('ROS_DISTRO', 'humble'), ('GTK_IM_MODULE', 'ibus'), ('LOGNAME', 'eternal'), ('JOURNAL_STREAM', '8:20866'), ('_', '/usr/bin/colcon'), ('ROS_VERSION', '2'), ('XDG_SESSION_CLASS', 'user'), ('USERNAME', 'eternal'), ('TERM', 'xterm-256color'), ('GNOME_DESKTOP_SESSION_ID', 'this-is-deprecated'), ('ROS_LOCALHOST_ONLY', '0'), ('WINDOWPATH', '2'), ('PATH', '/opt/ros/humble/bin:/home/eternal/.local/bin:/usr/local/sbin:/usr/local/bin:/usr/sbin:/usr/bin:/sbin:/bin:/usr/games:/usr/local/games:/snap/bin:/snap/bin'), ('SESSION_MANAGER', 'local/eternal-AORUS-15-BKF:@/tmp/.ICE-unix/2483,unix/eternal-AORUS-15-BKF:/tmp/.ICE-unix/2483'), ('INVOCATION_ID', '2b743471107d43deb9502283d36aaae9'), ('XDG_MENU_PREFIX', 'gnome-'), ('LC_ADDRESS', 'nl_NL.UTF-8'), ('XDG_RUNTIME_DIR', '/run/user/1000'), ('DISPLAY', ':1'), ('TERMINATOR_DBUS_PATH', '/net/tenshu/Terminator2'), ('LANG', 'en_US.UTF-8'), ('XDG_CURRENT_DESKTOP', 'ubuntu:GNOME'), ('IBUS_DISABLE_SNOOPER', '1'), ('LC_TELEPHONE', 'nl_NL.UTF-8'), ('XMODIFIERS', '@im=ibus'), ('XDG_SESSION_DESKTOP', 'ubuntu'), ('XAUTHORITY', '/run/user/1000/gdm/Xauthority'), ('LS_COLORS', 'rs=0:di=01;34:ln=01;36:mh=00:pi=40;33:so=01;35:do=01;35:bd=40;33;01:cd=40;33;01:or=40;31;01:mi=00:su=37;41:sg=30;43:ca=30;41:tw=30;42:ow=34;42:st=37;44:ex=01;32:*.tar=01;31:*.tgz=01;31:*.arc=01;31:*.arj=01;31:*.taz=01;31:*.lha=01;31:*.lz4=01;31:*.lzh=01;31:*.lzma=01;31:*.tlz=01;31:*.txz=01;31:*.tzo=01;31:*.t7z=01;31:*.zip=01;31:*.z=01;31:*.dz=01;31:*.gz=01;31:*.lrz=01;31:*.lz=01;31:*.lzo=01;31:*.xz=01;31:*.zst=01;31:*.tzst=01;31:*.bz2=01;31:*.bz=01;31:*.tbz=01;31:*.tbz2=01;31:*.tz=01;31:*.deb=01;31:*.rpm=01;31:*.jar=01;31:*.war=01;31:*.ear=01;31:*.sar=01;31:*.rar=01;31:*.alz=01;31:*.ace=01;31:*.zoo=01;31:*.cpio=01;31:*.7z=01;31:*.rz=01;31:*.cab=01;31:*.wim=01;31:*.swm=01;31:*.dwm=01;31:*.esd=01;31:*.jpg=01;35:*.jpeg=01;35:*.mjpg=01;35:*.mjpeg=01;35:*.gif=01;35:*.bmp=01;35:*.pbm=01;35:*.pgm=01;35:*.ppm=01;35:*.tga=01;35:*.xbm=01;35:*.xpm=01;35:*.tif=01;35:*.tiff=01;35:*.png=01;35:*.svg=01;35:*.svgz=01;35:*.mng=01;35:*.pcx=01;35:*.mov=01;35:*.mpg=01;35:*.mpeg=01;35:*.m2v=01;35:*.mkv=01;35:*.webm=01;35:*.webp=01;35:*.ogm=01;35:*.mp4=01;35:*.m4v=01;35:*.mp4v=01;35:*.vob=01;35:*.qt=01;35:*.nuv=01;35:*.wmv=01;35:*.asf=01;35:*.rm=01;35:*.rmvb=01;35:*.flc=01;35:*.avi=01;35:*.fli=01;35:*.flv=01;35:*.gl=01;35:*.dl=01;35:*.xcf=01;35:*.xwd=01;35:*.yuv=01;35:*.cgm=01;35:*.emf=01;35:*.ogv=01;35:*.ogx=01;35:*.aac=00;36:*.au=00;36:*.flac=00;36:*.m4a=00;36:*.mid=00;36:*.midi=00;36:*.mka=00;36:*.mp3=00;36:*.mpc=00;36:*.ogg=00;36:*.ra=00;36:*.wav=00;36:*.oga=00;36:*.opus=00;36:*.spx=00;36:*.xspf=00;36:'), ('SSH_AGENT_LAUNCHER', 'gnome-keyring'), ('SSH_AUTH_SOCK', '/run/user/1000/keyring/ssh'), ('AMENT_PREFIX_PATH', '/home/eternal/ros2_ws/install/cpp_srvcli:/home/eternal/ros2_ws/install/cpp_pubsub:/home/eternal/ros2_ws/install/tutorial_interfaces:/home/eternal/ros2_ws/install/bag_reading_cpp:/home/eternal/ros2_ws/install/turtlesim:/home/eternal/ros2_ws/install/python_parameters:/home/eternal/ros2_ws/install/py_srvcli:/home/eternal/ros2_ws/install/py_pubsub:/home/eternal/ros2_ws/install/py_launch_example:/home/eternal/ros2_ws/install/polygon_plugins:/home/eternal/ros2_ws/install/polygon_base:/home/eternal/ros2_ws/install/my_package:/home/eternal/ros2_ws/install/more_interfaces:/home/eternal/ros2_ws/install/launch_tutorial:/home/eternal/ros2_ws/install/imu_filter_pkg:/home/eternal/ros2_ws/install/cpp_parameters:/home/eternal/ros2_ws/install/cpp_parameter_event_handler:/home/eternal/ros2_ws/install/action_tutorials_cpp:/home/eternal/ros2_ws/install/action_tutorials_interfaces:/opt/ros/humble'), ('SHELL', '/bin/bash'), ('LC_NAME', 'nl_NL.UTF-8'), ('TERMINATOR_UUID', 'urn:uuid:43d9bae0-1f31-43e0-8835-3f046d3884e2'), ('QT_ACCESSIBILITY', '1'), ('GDMSESSION', 'ubuntu'), ('LESSCLOSE', '/usr/bin/lesspipe %s %s'), ('LC_MEASUREMENT', 'nl_NL.UTF-8'), ('GPG_AGENT_INFO', '/run/user/1000/gnupg/S.gpg-agent:0:1'), ('GJS_DEBUG_OUTPUT', 'stderr'), ('LC_IDENTIFICATION', 'nl_NL.UTF-8'), ('QT_IM_MODULE', 'ibus'), ('PWD', '/home/eternal/ros2_ws/build/bag_reading_cpp'), ('XDG_CONFIG_DIRS', '/etc/xdg/xdg-ubuntu:/etc/xdg'), ('XDG_DATA_DIRS', '/usr/share/ubuntu:/usr/share/gnome:/usr/local/share/:/usr/share/:/var/lib/snapd/desktop'), ('PYTHONPATH', '/home/eternal/ros2_ws/install/tutorial_interfaces/local/lib/python3.10/dist-packages:/home/eternal/ros2_ws/install/turtlesim/local/lib/python3.10/dist-packages:/home/eternal/ros2_ws/install/python_parameters/lib/python3.10/site-packages:/home/eternal/ros2_ws/install/py_srvcli/lib/python3.10/site-packages:/home/eternal/ros2_ws/install/py_pubsub/lib/python3.10/site-packages:/home/eternal/ros2_ws/install/py_launch_example/lib/python3.10/site-packages:/home/eternal/ros2_ws/install/more_interfaces/local/lib/python3.10/dist-packages:/home/eternal/ros2_ws/install/launch_tutorial/lib/python3.10/site-packages:/home/eternal/ros2_ws/install/imu_filter_pkg/lib/python3.10/site-packages:/home/eternal/ros2_ws/install/action_tutorials_interfaces/local/lib/python3.10/dist-packages:/opt/ros/humble/lib/python3.10/site-packages:/opt/ros/humble/local/lib/python3.10/dist-packages'), ('LC_NUMERIC', 'nl_NL.UTF-8'), ('LC_PAPER', 'nl_NL.UTF-8'), ('COLCON', '1'), ('VTE_VERSION', '6800'), ('CMAKE_PREFIX_PATH', '/home/eternal/ros2_ws/install/cpp_srvcli:/home/eternal/ros2_ws/install/cpp_pubsub:/home/eternal/ros2_ws/install/tutorial_interfaces:/home/eternal/ros2_ws/install/bag_reading_cpp:/home/eternal/ros2_ws/install/turtlesim:/home/eternal/ros2_ws/install/polygon_plugins:/home/eternal/ros2_ws/install/polygon_base:/home/eternal/ros2_ws/install/my_package:/home/eternal/ros2_ws/install/more_interfaces:/home/eternal/ros2_ws/install/cpp_parameters:/home/eternal/ros2_ws/install/cpp_parameter_event_handler:/home/eternal/ros2_ws/install/action_tutorials_cpp:/home/eternal/ros2_ws/install/action_tutorials_interfaces:/home/eternal/ros2_ws/install/python_parameters:/home/eternal/ros2_ws/install/py_srvcli:/home/eternal/ros2_ws/install/py_pubsub:/home/eternal/ros2_ws/install/py_launch_example:/home/eternal/ros2_ws/install/launch_tutorial:/home/eternal/ros2_ws/install/imu_filter_pkg:/opt/ros/humble')]), 'shell': False}
[0.052722] (bag_reading_cpp) StdoutLine: {'line': b'-- Found ament_cmake: 1.3.10 (/opt/ros/humble/share/ament_cmake/cmake)\n'}
[0.099859] (-) TimerEvent: {}
[0.200246] (-) TimerEvent: {}
[0.233485] (bag_reading_cpp) StdoutLine: {'line': b'-- Override CMake install command with custom implementation using symlinks instead of copying resources\n'}
[0.245879] (bag_reading_cpp) StdoutLine: {'line': b'-- Found rclcpp: 16.0.10 (/opt/ros/humble/share/rclcpp/cmake)\n'}
[0.283896] (bag_reading_cpp) StdoutLine: {'line': b'-- Found rosidl_generator_c: 3.1.5 (/opt/ros/humble/share/rosidl_generator_c/cmake)\n'}
[0.287427] (bag_reading_cpp) StdoutLine: {'line': b'-- Found rosidl_adapter: 3.1.5 (/opt/ros/humble/share/rosidl_adapter/cmake)\n'}
[0.298492] (bag_reading_cpp) StdoutLine: {'line': b'-- Found rosidl_generator_cpp: 3.1.5 (/opt/ros/humble/share/rosidl_generator_cpp/cmake)\n'}
[0.300365] (-) TimerEvent: {}
[0.329060] (bag_reading_cpp) StdoutLine: {'line': b'-- Using all available rosidl_typesupport_c: rosidl_typesupport_fastrtps_c;rosidl_typesupport_introspection_c\n'}
[0.368975] (bag_reading_cpp) StdoutLine: {'line': b'-- Using all available rosidl_typesupport_cpp: rosidl_typesupport_fastrtps_cpp;rosidl_typesupport_introspection_cpp\n'}
[0.400560] (-) TimerEvent: {}
[0.460872] (bag_reading_cpp) StdoutLine: {'line': b'-- Found rmw_implementation_cmake: 6.1.2 (/opt/ros/humble/share/rmw_implementation_cmake/cmake)\n'}
[0.463129] (bag_reading_cpp) StdoutLine: {'line': b'-- Found rmw_fastrtps_cpp: 6.2.7 (/opt/ros/humble/share/rmw_fastrtps_cpp/cmake)\n'}
[0.500677] (-) TimerEvent: {}
[0.591201] (bag_reading_cpp) StdoutLine: {'line': b"-- Using RMW implementation 'rmw_fastrtps_cpp' as default\n"}
[0.600899] (-) TimerEvent: {}
[0.655878] (bag_reading_cpp) StdoutLine: {'line': b'-- Found rosbag2_transport: 0.15.12 (/opt/ros/humble/share/rosbag2_transport/cmake)\n'}
[0.701085] (-) TimerEvent: {}
[0.705315] (bag_reading_cpp) StdoutLine: {'line': b'-- Found sensor_msgs: 4.2.4 (/opt/ros/humble/share/sensor_msgs/cmake)\n'}
[0.801205] (-) TimerEvent: {}
[0.822854] (bag_reading_cpp) StdoutLine: {'line': b'-- Configuring done\n'}
[0.836736] (bag_reading_cpp) StdoutLine: {'line': b'-- Generating done\n'}
[0.839177] (bag_reading_cpp) StdoutLine: {'line': b'-- Build files have been written to: /home/eternal/ros2_ws/build/bag_reading_cpp\n'}
[0.877225] (bag_reading_cpp) StdoutLine: {'line': b'\x1b[35m\x1b[1mConsolidate compiler generated dependencies of target simple_bag_reader\x1b[0m\n'}
[0.889430] (bag_reading_cpp) StdoutLine: {'line': b'[ 25%] \x1b[32mBuilding CXX object CMakeFiles/simple_bag_reader_test.dir/src/simple_bag_reader_test.cpp.o\x1b[0m\n'}
[0.901278] (-) TimerEvent: {}
[0.903328] (bag_reading_cpp) StdoutLine: {'line': b'[ 75%] Built target simple_bag_reader\n'}
[0.966226] (bag_reading_cpp) StderrLine: {'line': b'\x1b[01m\x1b[K/home/eternal/ros2_ws/src/bag_reading_cpp/src/simple_bag_reader_test.cpp:9:10:\x1b[m\x1b[K \x1b[01;31m\x1b[Kfatal error: \x1b[m\x1b[Krclcpp/rclcpp.hpp: No such file or directory\n'}
[0.966480] (bag_reading_cpp) StderrLine: {'line': b'    9 | #include \x1b[01;31m\x1b[K"rclcpp/rclcpp.hpp"\x1b[m\x1b[K\n'}
[0.966547] (bag_reading_cpp) StderrLine: {'line': b'      |          \x1b[01;31m\x1b[K^~~~~~~~~~~~~~~~~~~\x1b[m\x1b[K\n'}
[0.966600] (bag_reading_cpp) StderrLine: {'line': b'compilation terminated.\n'}
[0.968184] (bag_reading_cpp) StderrLine: {'line': b'gmake[2]: *** [CMakeFiles/simple_bag_reader_test.dir/build.make:76: CMakeFiles/simple_bag_reader_test.dir/src/simple_bag_reader_test.cpp.o] Error 1\n'}
[0.968456] (bag_reading_cpp) StderrLine: {'line': b'gmake[1]: *** [CMakeFiles/Makefile2:165: CMakeFiles/simple_bag_reader_test.dir/all] Error 2\n'}
[0.968730] (bag_reading_cpp) StderrLine: {'line': b'gmake: *** [Makefile:146: all] Error 2\n'}
[0.972546] (bag_reading_cpp) CommandEnded: {'returncode': 2}
[1.001387] (-) TimerEvent: {}
[1.020695] (bag_reading_cpp) JobEnded: {'identifier': 'bag_reading_cpp', 'rc': 2}
[1.021527] (-) EventReactorShutdown: {}
