[0.037s] Invoking command in '/home/eternal/ros2_ws/build/bag_reading_cpp': CMAKE_PREFIX_PATH=/opt/ros/humble /usr/bin/cmake --build /home/eternal/ros2_ws/build/bag_reading_cpp -- -j16 -l16
[2.837s] [35m[1mConsolidate compiler generated dependencies of target simple_bag_reader[0m
[2.837s] [ 50%] [32mBuilding CXX object CMakeFiles/simple_bag_reader.dir/src/simple_bag_reader.cpp.o[0m
[2.837s] [01m[K/home/eternal/ros2_ws/src/bag_reading_cpp/src/simple_bag_reader.cpp:52:23:[m[K [01;31m[Kerror: [m[Kâ€˜[01m[Kturtlesim[m[Kâ€™ was not declared in this scope
[2.837s]    52 |     rclcpp::Publisher<[01;31m[Kturtlesim[m[K::msg::Pose>::SharedPtr publisher_;
[2.837s]       |                       [01;31m[K^~~~~~~~~[m[K
[2.837s] [01m[K/home/eternal/ros2_ws/src/bag_reading_cpp/src/simple_bag_reader.cpp:52:43:[m[K [01;31m[Kerror: [m[Ktemplate argument 1 is invalid
[2.838s]    52 |     rclcpp::Publisher<turtlesim::msg::Pose[01;31m[K>[m[K::SharedPtr publisher_;
[2.838s]       |                                           [01;31m[K^[m[K
[2.838s] [01m[K/home/eternal/ros2_ws/src/bag_reading_cpp/src/simple_bag_reader.cpp:52:46:[m[K [01;31m[Kerror: [m[Kexpected â€˜[01m[K;[m[Kâ€™ at end of member declaration
[2.838s]    52 |     rclcpp::Publisher<turtlesim::msg::Pose>::[01;31m[KSharedPtr[m[K publisher_;
[2.838s]       |                                              [01;31m[K^~~~~~~~~[m[K
[2.838s]       |                                                       [32m[K;[m[K
[2.838s] [01m[K/home/eternal/ros2_ws/src/bag_reading_cpp/src/simple_bag_reader.cpp:52:56:[m[K [01;31m[Kerror: [m[Kâ€˜[01m[Kpublisher_[m[Kâ€™ does not name a type; did you mean â€˜[01m[Krmw_publisher_t[m[Kâ€™?
[2.838s]    52 |     rclcpp::Publisher<turtlesim::msg::Pose>::SharedPtr [01;31m[Kpublisher_[m[K;
[2.838s]       |                                                        [01;31m[K^~~~~~~~~~[m[K
[2.838s]       |                                                        [32m[Krmw_publisher_t[m[K
[2.838s] [01m[K/home/eternal/ros2_ws/src/bag_reading_cpp/src/simple_bag_reader.cpp:54:27:[m[K [01;31m[Kerror: [m[Kâ€˜[01m[Kturtlesim[m[Kâ€™ was not declared in this scope
[2.838s]    54 |     rclcpp::Serialization<[01;31m[Kturtlesim[m[K::msg::Pose> serialization_;
[2.838s]       |                           [01;31m[K^~~~~~~~~[m[K
[2.838s] [01m[K/home/eternal/ros2_ws/src/bag_reading_cpp/src/simple_bag_reader.cpp:54:47:[m[K [01;31m[Kerror: [m[Ktemplate argument 1 is invalid
[2.838s]    54 |     rclcpp::Serialization<turtlesim::msg::Pose[01;31m[K>[m[K serialization_;
[2.838s]       |                                               [01;31m[K^[m[K
[2.838s] [01m[K/home/eternal/ros2_ws/src/bag_reading_cpp/src/simple_bag_reader.cpp:[m[K In constructor â€˜[01m[KPlaybackNode::PlaybackNode(const string&)[m[Kâ€™:
[2.838s] [01m[K/home/eternal/ros2_ws/src/bag_reading_cpp/src/simple_bag_reader.cpp:19:7:[m[K [01;31m[Kerror: [m[Kâ€˜[01m[Kpublisher_[m[Kâ€™ was not declared in this scope; did you mean â€˜[01m[Krmw_publisher_t[m[Kâ€™?
[2.838s]    19 |       [01;31m[Kpublisher_[m[K = this->create_publisher<turtlesim::msg::Pose>("/turtle1/pose", 10);
[2.838s]       |       [01;31m[K^~~~~~~~~~[m[K
[2.838s]       |       [32m[Krmw_publisher_t[m[K
[2.838s] [01m[K/home/eternal/ros2_ws/src/bag_reading_cpp/src/simple_bag_reader.cpp:19:43:[m[K [01;31m[Kerror: [m[Kâ€˜[01m[Kturtlesim[m[Kâ€™ was not declared in this scope
[2.838s]    19 |       publisher_ = this->create_publisher<[01;31m[Kturtlesim[m[K::msg::Pose>("/turtle1/pose", 10);
[2.838s]       |                                           [01;31m[K^~~~~~~~~[m[K
[2.838s] [01m[K/home/eternal/ros2_ws/src/bag_reading_cpp/src/simple_bag_reader.cpp:19:26:[m[K [01;31m[Kerror: [m[Kparse error in template argument list
[2.838s]    19 |       publisher_ = this->[01;31m[Kcreate_publisher<turtlesim::msg::Pose>[m[K("/turtle1/pose", 10);
[2.838s]       |                          [01;31m[K^~~~~~~~~~~~~~~~~~~~~~~~~~~~~~~~~~~~~~[m[K
[2.839s] [01m[K/home/eternal/ros2_ws/src/bag_reading_cpp/src/simple_bag_reader.cpp:19:64:[m[K [01;31m[Kerror: [m[Kno matching function for call to â€˜[01m[KPlaybackNode::create_publisher<<expression error> >(const char [14], int)[m[Kâ€™
[2.839s]    19 |       publisher_ = [01;31m[Kthis->create_publisher<turtlesim::msg::Pose>("/turtle1/pose", 10)[m[K;
[2.839s]       |                    [01;31m[K~~~~~~~~~~~~~~~~~~~~~~~~~~~~~~~~~~~~~~~~~~~~^~~~~~~~~~~~~~~~~~~~~[m[K
[2.839s] In file included from [01m[K/opt/ros/humble/include/rclcpp/rclcpp/executors/single_threaded_executor.hpp:28[m[K,
[2.839s]                  from [01m[K/opt/ros/humble/include/rclcpp/rclcpp/executors.hpp:22[m[K,
[2.839s]                  from [01m[K/opt/ros/humble/include/rclcpp/rclcpp/rclcpp.hpp:155[m[K,
[2.839s]                  from [01m[K/home/eternal/ros2_ws/src/bag_reading_cpp/src/simple_bag_reader.cpp:7[m[K:
[2.839s] [01m[K/opt/ros/humble/include/rclcpp/rclcpp/node.hpp:195:3:[m[K [01;36m[Knote: [m[Kcandidate: â€˜[01m[Ktemplate<class MessageT, class AllocatorT, class PublisherT> std::shared_ptr<PublisherT> rclcpp::Node::create_publisher(const string&, const rclcpp::QoS&, const rclcpp::PublisherOptionsWithAllocator<AllocatorT>&)[m[Kâ€™
[2.839s]   195 |   [01;36m[Kcreate_publisher[m[K(
[2.839s]       |   [01;36m[K^~~~~~~~~~~~~~~~[m[K
[2.839s] [01m[K/opt/ros/humble/include/rclcpp/rclcpp/node.hpp:195:3:[m[K [01;36m[Knote: [m[K  template argument deduction/substitution failed:
[2.839s] [01m[K/home/eternal/ros2_ws/src/bag_reading_cpp/src/simple_bag_reader.cpp:19:64:[m[K [01;31m[Kerror: [m[Ktemplate argument 1 is invalid
[2.839s]    19 |       publisher_ = [01;31m[Kthis->create_publisher<turtlesim::msg::Pose>("/turtle1/pose", 10)[m[K;
[2.839s]       |                    [01;31m[K~~~~~~~~~~~~~~~~~~~~~~~~~~~~~~~~~~~~~~~~~~~~^~~~~~~~~~~~~~~~~~~~~[m[K
[2.839s] [01m[K/home/eternal/ros2_ws/src/bag_reading_cpp/src/simple_bag_reader.cpp:[m[K In member function â€˜[01m[Kvoid PlaybackNode::timer_callback()[m[Kâ€™:
[2.839s] [01m[K/home/eternal/ros2_ws/src/bag_reading_cpp/src/simple_bag_reader.cpp:40:9:[m[K [01;31m[Kerror: [m[Kâ€˜[01m[Kturtlesim[m[Kâ€™ has not been declared
[2.839s]    40 |         [01;31m[Kturtlesim[m[K::msg::Pose::SharedPtr ros_msg = std::make_shared<turtlesim::msg::Pose>();
[2.839s]       |         [01;31m[K^~~~~~~~~[m[K
[2.839s] [01m[K/home/eternal/ros2_ws/src/bag_reading_cpp/src/simple_bag_reader.cpp:42:24:[m[K [01;31m[Kerror: [m[Krequest for member â€˜[01m[Kdeserialize_message[m[Kâ€™ in â€˜[01m[K((PlaybackNode*)this)->PlaybackNode::serialization_[m[Kâ€™, which is of non-class type â€˜[01m[Kint[m[Kâ€™
[2.839s]    42 |         serialization_.[01;31m[Kdeserialize_message[m[K(&serialized_msg, ros_msg.get());
[2.839s]       |                        [01;31m[K^~~~~~~~~~~~~~~~~~~[m[K
[2.839s] [01m[K/home/eternal/ros2_ws/src/bag_reading_cpp/src/simple_bag_reader.cpp:42:61:[m[K [01;31m[Kerror: [m[Kâ€˜[01m[Kros_msg[m[Kâ€™ was not declared in this scope
[2.839s]    42 |         serialization_.deserialize_message(&serialized_msg, [01;31m[Kros_msg[m[K.get());
[2.839s]       |                                                             [01;31m[K^~~~~~~[m[K
[2.839s] [01m[K/home/eternal/ros2_ws/src/bag_reading_cpp/src/simple_bag_reader.cpp:44:9:[m[K [01;31m[Kerror: [m[Kâ€˜[01m[Kpublisher_[m[Kâ€™ was not declared in this scope; did you mean â€˜[01m[Krmw_publisher_t[m[Kâ€™?
[2.839s]    44 |         [01;31m[Kpublisher_[m[K->publish(*ros_msg);
[2.839s]       |         [01;31m[K^~~~~~~~~~[m[K
[2.840s]       |         [32m[Krmw_publisher_t[m[K
[2.840s] gmake[2]: *** [CMakeFiles/simple_bag_reader.dir/build.make:76: CMakeFiles/simple_bag_reader.dir/src/simple_bag_reader.cpp.o] Error 1
[2.840s] gmake[1]: *** [CMakeFiles/Makefile2:137: CMakeFiles/simple_bag_reader.dir/all] Error 2
[2.840s] gmake: *** [Makefile:146: all] Error 2
[2.851s] Invoked command in '/home/eternal/ros2_ws/build/bag_reading_cpp' returned '2': CMAKE_PREFIX_PATH=/opt/ros/humble /usr/bin/cmake --build /home/eternal/ros2_ws/build/bag_reading_cpp -- -j16 -l16
