[35m[1mConsolidate compiler generated dependencies of target simple_bag_reader_test[0m
[ 33%] Built target simple_bag_reader
[ 66%] Built target imu_filter_node
[ 83%] [32mBuilding CXX object CMakeFiles/simple_bag_reader_test.dir/src/simple_bag_reader_test.cpp.o[0m
[01m[K/home/eternal/ros2_ws/src/bag_reading_cpp/src/simple_bag_reader_test.cpp:[m[K In constructor â€˜[01m[KPlaybackNode::PlaybackNode(const string&)[m[Kâ€™:
[01m[K/home/eternal/ros2_ws/src/bag_reading_cpp/src/simple_bag_reader_test.cpp:20:56:[m[K [01;31m[Kerror: [m[Kclass â€˜[01m[KPlaybackNode[m[Kâ€™ does not have any field named â€˜[01m[Kfiltered_acc_y_[m[Kâ€™
   20 |         : Node("playback_node"), filtered_acc_x_(0.0), [01;31m[Kfiltered_acc_y_[m[K(0.0), filtered_acc_z_(0.0)
      |                                                        [01;31m[K^~~~~~~~~~~~~~~[m[K
[01m[K/home/eternal/ros2_ws/src/bag_reading_cpp/src/simple_bag_reader_test.cpp:20:78:[m[K [01;31m[Kerror: [m[Kclass â€˜[01m[KPlaybackNode[m[Kâ€™ does not have any field named â€˜[01m[Kfiltered_acc_z_[m[Kâ€™
   20 |         : Node("playback_node"), filtered_acc_x_(0.0), filtered_acc_y_(0.0), [01;31m[Kfiltered_acc_z_[m[K(0.0)
      |                                                                              [01;31m[K^~~~~~~~~~~~~~~[m[K
[01m[K/home/eternal/ros2_ws/src/bag_reading_cpp/src/simple_bag_reader_test.cpp:[m[K In member function â€˜[01m[Kvoid PlaybackNode::process_imu_data()[m[Kâ€™:
[01m[K/home/eternal/ros2_ws/src/bag_reading_cpp/src/simple_bag_reader_test.cpp:109:26:[m[K [01;31m[Kerror: [m[Kâ€˜[01m[Kfiltered_acc_y_[m[Kâ€™ was not declared in this scope; did you mean â€˜[01m[Kfiltered_acc_x_[m[Kâ€™?
  109 |                       << [01;31m[Kfiltered_acc_y_[m[K << ","
      |                          [01;31m[K^~~~~~~~~~~~~~~[m[K
      |                          [32m[Kfiltered_acc_x_[m[K
[01m[K/home/eternal/ros2_ws/src/bag_reading_cpp/src/simple_bag_reader_test.cpp:110:26:[m[K [01;31m[Kerror: [m[Kâ€˜[01m[Kfiltered_acc_z_[m[Kâ€™ was not declared in this scope; did you mean â€˜[01m[Kfiltered_acc_x_[m[Kâ€™?
  110 |                       << [01;31m[Kfiltered_acc_z_[m[K << "\n";
      |                          [01;31m[K^~~~~~~~~~~~~~~[m[K
      |                          [32m[Kfiltered_acc_x_[m[K
[01m[K/home/eternal/ros2_ws/src/bag_reading_cpp/src/simple_bag_reader_test.cpp:[m[K In member function â€˜[01m[Kvoid PlaybackNode::apply_filter(const SharedPtr&)[m[Kâ€™:
[01m[K/home/eternal/ros2_ws/src/bag_reading_cpp/src/simple_bag_reader_test.cpp:131:9:[m[K [01;31m[Kerror: [m[Kâ€˜[01m[Kfiltered_acc_y_[m[Kâ€™ was not declared in this scope; did you mean â€˜[01m[Kfiltered_acc_x_[m[Kâ€™?
  131 |         [01;31m[Kfiltered_acc_y_[m[K = high_pass_filter(imu_msg->linear_acceleration.y, previous_acc_y_, previous_filtered_acc_y_, alpha_);
      |         [01;31m[K^~~~~~~~~~~~~~~[m[K
      |         [32m[Kfiltered_acc_x_[m[K
[01m[K/home/eternal/ros2_ws/src/bag_reading_cpp/src/simple_bag_reader_test.cpp:132:9:[m[K [01;31m[Kerror: [m[Kâ€˜[01m[Kfiltered_acc_z_[m[Kâ€™ was not declared in this scope; did you mean â€˜[01m[Kfiltered_acc_x_[m[Kâ€™?
  132 |         [01;31m[Kfiltered_acc_z_[m[K = high_pass_filter(imu_msg->linear_acceleration.z, previous_acc_z_, previous_filtered_acc_z_, alpha_);
      |         [01;31m[K^~~~~~~~~~~~~~~[m[K
      |         [32m[Kfiltered_acc_x_[m[K
gmake[2]: *** [CMakeFiles/simple_bag_reader_test.dir/build.make:76: CMakeFiles/simple_bag_reader_test.dir/src/simple_bag_reader_test.cpp.o] Error 1
gmake[1]: *** [CMakeFiles/Makefile2:167: CMakeFiles/simple_bag_reader_test.dir/all] Error 2
gmake: *** [Makefile:146: all] Error 2
