[0.022s] Invoking command in '/home/eternal/ros2_ws/build/bag_reading_cpp': CMAKE_PREFIX_PATH=/opt/ros/humble /usr/bin/cmake --build /home/eternal/ros2_ws/build/bag_reading_cpp -- -j16 -l16
[0.079s] [35m[1mConsolidate compiler generated dependencies of target simple_bag_reader_test[0m
[0.091s] [ 33%] Built target simple_bag_reader
[0.094s] [ 66%] Built target imu_filter_node
[0.097s] [ 83%] [32mBuilding CXX object CMakeFiles/simple_bag_reader_test.dir/src/simple_bag_reader_test.cpp.o[0m
[2.424s] [01m[K/home/eternal/ros2_ws/src/bag_reading_cpp/src/simple_bag_reader_test.cpp:[m[K In constructor â€˜[01m[KPlaybackNode::PlaybackNode(const string&)[m[Kâ€™:
[2.424s] [01m[K/home/eternal/ros2_ws/src/bag_reading_cpp/src/simple_bag_reader_test.cpp:20:56:[m[K [01;31m[Kerror: [m[Kclass â€˜[01m[KPlaybackNode[m[Kâ€™ does not have any field named â€˜[01m[Kfiltered_acc_y_[m[Kâ€™
[2.424s]    20 |         : Node("playback_node"), filtered_acc_x_(0.0), [01;31m[Kfiltered_acc_y_[m[K(0.0), filtered_acc_z_(0.0)
[2.424s]       |                                                        [01;31m[K^~~~~~~~~~~~~~~[m[K
[2.424s] [01m[K/home/eternal/ros2_ws/src/bag_reading_cpp/src/simple_bag_reader_test.cpp:20:78:[m[K [01;31m[Kerror: [m[Kclass â€˜[01m[KPlaybackNode[m[Kâ€™ does not have any field named â€˜[01m[Kfiltered_acc_z_[m[Kâ€™
[2.424s]    20 |         : Node("playback_node"), filtered_acc_x_(0.0), filtered_acc_y_(0.0), [01;31m[Kfiltered_acc_z_[m[K(0.0)
[2.424s]       |                                                                              [01;31m[K^~~~~~~~~~~~~~~[m[K
[2.436s] [01m[K/home/eternal/ros2_ws/src/bag_reading_cpp/src/simple_bag_reader_test.cpp:[m[K In member function â€˜[01m[Kvoid PlaybackNode::process_imu_data()[m[Kâ€™:
[2.436s] [01m[K/home/eternal/ros2_ws/src/bag_reading_cpp/src/simple_bag_reader_test.cpp:109:26:[m[K [01;31m[Kerror: [m[Kâ€˜[01m[Kfiltered_acc_y_[m[Kâ€™ was not declared in this scope; did you mean â€˜[01m[Kfiltered_acc_x_[m[Kâ€™?
[2.436s]   109 |                       << [01;31m[Kfiltered_acc_y_[m[K << ","
[2.436s]       |                          [01;31m[K^~~~~~~~~~~~~~~[m[K
[2.436s]       |                          [32m[Kfiltered_acc_x_[m[K
[2.441s] [01m[K/home/eternal/ros2_ws/src/bag_reading_cpp/src/simple_bag_reader_test.cpp:110:26:[m[K [01;31m[Kerror: [m[Kâ€˜[01m[Kfiltered_acc_z_[m[Kâ€™ was not declared in this scope; did you mean â€˜[01m[Kfiltered_acc_x_[m[Kâ€™?
[2.441s]   110 |                       << [01;31m[Kfiltered_acc_z_[m[K << "\n";
[2.441s]       |                          [01;31m[K^~~~~~~~~~~~~~~[m[K
[2.441s]       |                          [32m[Kfiltered_acc_x_[m[K
[2.446s] [01m[K/home/eternal/ros2_ws/src/bag_reading_cpp/src/simple_bag_reader_test.cpp:[m[K In member function â€˜[01m[Kvoid PlaybackNode::apply_filter(const SharedPtr&)[m[Kâ€™:
[2.446s] [01m[K/home/eternal/ros2_ws/src/bag_reading_cpp/src/simple_bag_reader_test.cpp:131:9:[m[K [01;31m[Kerror: [m[Kâ€˜[01m[Kfiltered_acc_y_[m[Kâ€™ was not declared in this scope; did you mean â€˜[01m[Kfiltered_acc_x_[m[Kâ€™?
[2.446s]   131 |         [01;31m[Kfiltered_acc_y_[m[K = high_pass_filter(imu_msg->linear_acceleration.y, previous_acc_y_, previous_filtered_acc_y_, alpha_);
[2.446s]       |         [01;31m[K^~~~~~~~~~~~~~~[m[K
[2.446s]       |         [32m[Kfiltered_acc_x_[m[K
[2.449s] [01m[K/home/eternal/ros2_ws/src/bag_reading_cpp/src/simple_bag_reader_test.cpp:132:9:[m[K [01;31m[Kerror: [m[Kâ€˜[01m[Kfiltered_acc_z_[m[Kâ€™ was not declared in this scope; did you mean â€˜[01m[Kfiltered_acc_x_[m[Kâ€™?
[2.449s]   132 |         [01;31m[Kfiltered_acc_z_[m[K = high_pass_filter(imu_msg->linear_acceleration.z, previous_acc_z_, previous_filtered_acc_z_, alpha_);
[2.449s]       |         [01;31m[K^~~~~~~~~~~~~~~[m[K
[2.449s]       |         [32m[Kfiltered_acc_x_[m[K
[2.898s] gmake[2]: *** [CMakeFiles/simple_bag_reader_test.dir/build.make:76: CMakeFiles/simple_bag_reader_test.dir/src/simple_bag_reader_test.cpp.o] Error 1
[2.898s] gmake[1]: *** [CMakeFiles/Makefile2:167: CMakeFiles/simple_bag_reader_test.dir/all] Error 2
[2.898s] gmake: *** [Makefile:146: all] Error 2
[2.900s] Invoked command in '/home/eternal/ros2_ws/build/bag_reading_cpp' returned '2': CMAKE_PREFIX_PATH=/opt/ros/humble /usr/bin/cmake --build /home/eternal/ros2_ws/build/bag_reading_cpp -- -j16 -l16
