[35m[1mConsolidate compiler generated dependencies of target imu_filter_node[0m
[35m[1mConsolidate compiler generated dependencies of target simple_bag_reader_test[0m
[35m[1mConsolidate compiler generated dependencies of target simple_bag_reader[0m
[ 16%] [32mBuilding CXX object CMakeFiles/imu_filter_node.dir/src/imu_filter_node.cpp.o[0m
[ 33%] [32mBuilding CXX object CMakeFiles/simple_bag_reader_test.dir/src/simple_bag_reader_test.cpp.o[0m
[ 50%] [32mBuilding CXX object CMakeFiles/simple_bag_reader.dir/src/simple_bag_reader.cpp.o[0m
[01m[K/home/eternal/ros2_ws/src/bag_reading_cpp/src/imu_filter_node.cpp:[m[K In member function â€˜[01m[Kvoid PlaybackNode::apply_filter(sensor_msgs::msg::Imu_<std::allocator<void> >::SharedPtr)[m[Kâ€™:
[01m[K/home/eternal/ros2_ws/src/bag_reading_cpp/src/imu_filter_node.cpp:36:93:[m[K [01;31m[Kerror: [m[Kâ€˜[01m[Kalpha_[m[Kâ€™ was not declared in this scope; did you mean â€˜[01m[Kalpha[m[Kâ€™?
   36 |         filtered_acc_x_ = high_pass_filter(imu_msg->linear_acceleration.x, filtered_acc_x_, [01;31m[Kalpha_[m[K);
      |                                                                                             [01;31m[K^~~~~~[m[K
      |                                                                                             [32m[Kalpha[m[K
[01m[K/home/eternal/ros2_ws/src/bag_reading_cpp/src/imu_filter_node.cpp:35:22:[m[K [01;35m[Kwarning: [m[Kunused variable â€˜[01m[Kalpha[m[Kâ€™ [[01;35m[K]8;;https://gcc.gnu.org/onlinedocs/gcc/Warning-Options.html#index-Wunused-variable-Wunused-variable]8;;[m[K]
   35 |         const double [01;35m[Kalpha[m[K = 0.03; // Filter coefficient (0 < alpha < 1)
      |                      [01;35m[K^~~~~[m[K
[01m[K/home/eternal/ros2_ws/src/bag_reading_cpp/src/simple_bag_reader.cpp:[m[K In member function â€˜[01m[Kvoid PlaybackNode::apply_filter(const SharedPtr&)[m[Kâ€™:
[01m[K/home/eternal/ros2_ws/src/bag_reading_cpp/src/simple_bag_reader.cpp:99:93:[m[K [01;31m[Kerror: [m[Kâ€˜[01m[Kalpha_[m[Kâ€™ was not declared in this scope; did you mean â€˜[01m[Kalpha[m[Kâ€™?
   99 |        filtered_acc_x_ = high_pass_filter(imu_msg->linear_acceleration.x, filtered_acc_x_, [01;31m[Kalpha_[m[K);
      |                                                                                            [01;31m[K^~~~~~[m[K
      |                                                                                            [32m[Kalpha[m[K
[01m[K/home/eternal/ros2_ws/src/bag_reading_cpp/src/simple_bag_reader.cpp:98:22:[m[K [01;35m[Kwarning: [m[Kunused variable â€˜[01m[Kalpha[m[Kâ€™ [[01;35m[K]8;;https://gcc.gnu.org/onlinedocs/gcc/Warning-Options.html#index-Wunused-variable-Wunused-variable]8;;[m[K]
   98 |         const double [01;35m[Kalpha[m[K = 0.03; // Filter coefficient (0 < alpha < 1)
      |                      [01;35m[K^~~~~[m[K
gmake[2]: *** [CMakeFiles/simple_bag_reader.dir/build.make:76: CMakeFiles/simple_bag_reader.dir/src/simple_bag_reader.cpp.o] Error 1
gmake[1]: *** [CMakeFiles/Makefile2:141: CMakeFiles/simple_bag_reader.dir/all] Error 2
gmake[1]: *** Waiting for unfinished jobs....
[ 66%] [32m[1mLinking CXX executable simple_bag_reader_test[0m
[ 66%] Built target simple_bag_reader_test
gmake[2]: *** [CMakeFiles/imu_filter_node.dir/build.make:76: CMakeFiles/imu_filter_node.dir/src/imu_filter_node.cpp.o] Error 1
gmake[1]: *** [CMakeFiles/Makefile2:193: CMakeFiles/imu_filter_node.dir/all] Error 2
gmake: *** [Makefile:146: all] Error 2
