[35m[1mConsolidate compiler generated dependencies of target simple_bag_reader[0m
[ 50%] [32mBuilding CXX object CMakeFiles/simple_bag_reader.dir/src/simple_bag_reader.cpp.o[0m
[01m[K/home/eternal/ros2_ws/src/bag_reading_cpp/src/simple_bag_reader.cpp:[m[K In member function â€˜[01m[Kvoid PlaybackNode::timer_callback()[m[Kâ€™:
[01m[K/home/eternal/ros2_ws/src/bag_reading_cpp/src/simple_bag_reader.cpp:74:13:[m[K [01;31m[Kerror: [m[Kcontinue statement not within a loop
   74 |             [01;31m[Kcontinue[m[K;
      |             [01;31m[K^~~~~~~~[m[K
gmake[2]: *** [CMakeFiles/simple_bag_reader.dir/build.make:76: CMakeFiles/simple_bag_reader.dir/src/simple_bag_reader.cpp.o] Error 1
gmake[1]: *** [CMakeFiles/Makefile2:137: CMakeFiles/simple_bag_reader.dir/all] Error 2
gmake: *** [Makefile:146: all] Error 2
