[0.018s] Invoking command in '/home/eternal/ros2_ws/build/bag_reading_cpp': CMAKE_PREFIX_PATH=${CMAKE_PREFIX_PATH}:/home/eternal/ros2_ws/install/python_parameters:/home/eternal/ros2_ws/install/py_srvcli:/home/eternal/ros2_ws/install/py_pubsub:/home/eternal/ros2_ws/install/py_launch_example:/home/eternal/ros2_ws/install/launch_tutorial:/home/eternal/ros2_ws/install/imu_filter_pkg:/opt/ros/humble /usr/bin/cmake --build /home/eternal/ros2_ws/build/bag_reading_cpp -- -j16 -l16
[0.044s] -- Found ament_cmake: 1.3.10 (/opt/ros/humble/share/ament_cmake/cmake)
[0.161s] -- Override CMake install command with custom implementation using symlinks instead of copying resources
[0.167s] -- Found rclcpp: 16.0.10 (/opt/ros/humble/share/rclcpp/cmake)
[0.186s] -- Found rosidl_generator_c: 3.1.5 (/opt/ros/humble/share/rosidl_generator_c/cmake)
[0.187s] -- Found rosidl_adapter: 3.1.5 (/opt/ros/humble/share/rosidl_adapter/cmake)
[0.191s] -- Found rosidl_generator_cpp: 3.1.5 (/opt/ros/humble/share/rosidl_generator_cpp/cmake)
[0.197s] -- Using all available rosidl_typesupport_c: rosidl_typesupport_fastrtps_c;rosidl_typesupport_introspection_c
[0.205s] -- Using all available rosidl_typesupport_cpp: rosidl_typesupport_fastrtps_cpp;rosidl_typesupport_introspection_cpp
[0.226s] -- Found rmw_implementation_cmake: 6.1.2 (/opt/ros/humble/share/rmw_implementation_cmake/cmake)
[0.227s] -- Found rmw_fastrtps_cpp: 6.2.7 (/opt/ros/humble/share/rmw_fastrtps_cpp/cmake)
[0.305s] -- Using RMW implementation 'rmw_fastrtps_cpp' as default
[0.343s] -- Found rosbag2_transport: 0.15.12 (/opt/ros/humble/share/rosbag2_transport/cmake)
[0.377s] -- Found sensor_msgs: 4.2.4 (/opt/ros/humble/share/sensor_msgs/cmake)
[0.449s] -- Configuring done
[0.460s] -- Generating done
[0.461s] -- Build files have been written to: /home/eternal/ros2_ws/build/bag_reading_cpp
[0.481s] [35m[1mConsolidate compiler generated dependencies of target simple_bag_reader[0m
[0.485s] [35m[1mConsolidate compiler generated dependencies of target simple_bag_reader_test[0m
[0.491s] [ 16%] [32mBuilding CXX object CMakeFiles/imu_filter_accel_node.dir/src/imu_filter_accel_node.cpp.o[0m
[0.493s] [ 50%] Built target simple_bag_reader
[0.501s] [ 83%] Built target simple_bag_reader_test
[0.608s] [01m[K/home/eternal/ros2_ws/src/bag_reading_cpp/src/imu_filter_accel_node.cpp:11:10:[m[K [01;31m[Kfatal error: [m[Krosbag2_transport/reader_writer_factory.hpp: No such file or directory
[0.608s]    11 | #include [01;31m[K"rosbag2_transport/reader_writer_factory.hpp"[m[K
[0.608s]       |          [01;31m[K^~~~~~~~~~~~~~~~~~~~~~~~~~~~~~~~~~~~~~~~~~~~~[m[K
[0.608s] compilation terminated.
[0.610s] gmake[2]: *** [CMakeFiles/imu_filter_accel_node.dir/build.make:76: CMakeFiles/imu_filter_accel_node.dir/src/imu_filter_accel_node.cpp.o] Error 1
[0.611s] gmake[1]: *** [CMakeFiles/Makefile2:193: CMakeFiles/imu_filter_accel_node.dir/all] Error 2
[0.611s] gmake: *** [Makefile:146: all] Error 2
[0.614s] Invoked command in '/home/eternal/ros2_ws/build/bag_reading_cpp' returned '2': CMAKE_PREFIX_PATH=${CMAKE_PREFIX_PATH}:/home/eternal/ros2_ws/install/python_parameters:/home/eternal/ros2_ws/install/py_srvcli:/home/eternal/ros2_ws/install/py_pubsub:/home/eternal/ros2_ws/install/py_launch_example:/home/eternal/ros2_ws/install/launch_tutorial:/home/eternal/ros2_ws/install/imu_filter_pkg:/opt/ros/humble /usr/bin/cmake --build /home/eternal/ros2_ws/build/bag_reading_cpp -- -j16 -l16
